<?xml version="1.0" encoding="UTF-8"?>
<!-- Generated by org.testng.reporters.JUnitReportReporter -->
<testsuite hostname="DHAKSHAN-VAIO" name="testcase.TestcaseForLoginPage" tests="1" failures="0" timestamp="22 Nov 2016 20:25:42 GMT" time="0.311" errors="0">
  <testcase name="verifyloginpage" time="0.311" classname="testcase.TestcaseForLoginPage"/>
</testsuite> <!-- testcase.TestcaseForLoginPage -->
