<?xml version="1.0" encoding="UTF-8"?>
<!-- Generated by org.testng.reporters.JUnitReportReporter -->
<testsuite hostname="DHAKSHAN-VAIO" name="test.ApparelandAccessories" tests="1" failures="0" timestamp="28 Jul 2016 20:55:57 GMT" time="14.312" errors="0">
  <testcase name="menapparelverification" time="14.312" classname="test.ApparelandAccessories"/>
</testsuite> <!-- test.ApparelandAccessories -->
