<?xml version="1.0" encoding="UTF-8"?>
<!-- Generated by org.testng.reporters.JUnitReportReporter -->
<testsuite hostname="DHAKSHAN-VAIO" name="test.ThreeDayRefreshTestcase" tests="1" failures="0" timestamp="26 Jul 2016 02:31:27 GMT" time="33.682" errors="0">
  <testcase name="addcartVerification" time="33.682" classname="test.ThreeDayRefreshTestcase"/>
</testsuite> <!-- test.ThreeDayRefreshTestcase -->
