<?xml version="1.0" encoding="UTF-8"?>
<!-- Generated by org.testng.reporters.JUnitReportReporter -->
<testsuite hostname="DHAKSHAN-VAIO" name="test.ForgetPasswordTestcase" tests="1" failures="0" timestamp="28 Jul 2016 18:41:03 GMT" time="34.338" errors="0">
  <testcase name="verifyforgetpasswordfunction" time="34.338" classname="test.ForgetPasswordTestcase"/>
</testsuite> <!-- test.ForgetPasswordTestcase -->
