<?xml version="1.0" encoding="UTF-8"?>
<!-- Generated by org.testng.reporters.JUnitReportReporter -->
<testsuite hostname="DHAKSHAN-VAIO" name="test.ApparelandAccessoriesTest" tests="1" failures="0" timestamp="1 Aug 2016 04:33:38 GMT" time="17.894" errors="0">
  <testcase name="menapparelverification" time="17.894" classname="test.ApparelandAccessoriesTest"/>
</testsuite> <!-- test.ApparelandAccessoriesTest -->
