<?xml version="1.0" encoding="UTF-8"?>
<!-- Generated by org.testng.reporters.JUnitReportReporter -->
<testsuite hostname="DHAKSHAN-VAIO" name="testNG.Groupon" tests="4" failures="0" timestamp="8 Sep 2015 20:44:21 GMT" time="209.357" errors="0">
  <testcase name="clearence" time="45.997" classname="testNG.Groupon"/>
  <testcase name="login" time="79.530" classname="testNG.Groupon"/>
  <testcase name="home" time="50.299" classname="testNG.Groupon"/>
  <testcase name="hotthisweek" time="33.531" classname="testNG.Groupon"/>
</testsuite> <!-- testNG.Groupon -->
