<?xml version="1.0" encoding="UTF-8"?>
<!-- Generated by org.testng.reporters.JUnitReportReporter -->
<testsuite hostname="DHAKSHAN-VAIO" name="testNG.GrouoonDay2" tests="1" failures="0" timestamp="8 Sep 2015 21:37:43 GMT" time="52.799" errors="0">
  <testcase name="hotthisweek" time="52.799" classname="testNG.GrouoonDay2"/>
</testsuite> <!-- testNG.GrouoonDay2 -->
