<?xml version="1.0" encoding="UTF-8"?>
<!-- Generated by org.testng.reporters.JUnitReportReporter -->
<testsuite hostname="DHAKSHAN-VAIO" name="testNG.Gmail" tests="3" failures="0" timestamp="23 Jul 2015 21:53:54 GMT" time="41.685" errors="0">
  <testcase name="login" time="20.694" classname="testNG.Gmail"/>
  <testcase name="createaccount" time="10.031" classname="testNG.Gmail"/>
  <testcase name="needhelp" time="10.960" classname="testNG.Gmail"/>
</testsuite> <!-- testNG.Gmail -->
