<?xml version="1.0" encoding="UTF-8"?>
<!-- Generated by org.testng.reporters.JUnitReportReporter -->
<testsuite hostname="DHAKSHAN-VAIO" name="com.beachbody.shalogy" tests="2" failures="0" timestamp="21 Jun 2016 21:02:53 GMT" time="7.971" errors="0">
  <testcase name="shkalogyboost" time="3.853" classname="com.beachbody.shalogy"/>
  <testcase name="shkalogyboost" time="4.118" classname="com.beachbody.shalogy"/>
</testsuite>
