<?xml version="1.0" encoding="UTF-8"?>
<!-- Generated by org.testng.reporters.JUnitReportReporter -->
<testsuite hostname="DHAKSHAN-VAIO" name="com.testng.BeachbodyLogin" tests="6" failures="0" timestamp="21 Jun 2016 21:02:53 GMT" time="51.276" errors="0">
  <testcase name="searchitem" time="5.342" classname="com.testng.BeachbodyLogin"/>
  <testcase name="login" time="7.406" classname="com.testng.BeachbodyLogin"/>
  <testcase name="login" time="10.632" classname="com.testng.BeachbodyLogin"/>
  <testcase name="searchitem" time="4.521" classname="com.testng.BeachbodyLogin"/>
  <testcase name="checkout" time="9.908" classname="com.testng.BeachbodyLogin"/>
  <testcase name="checkout" time="13.467" classname="com.testng.BeachbodyLogin"/>
</testsuite>
